<?xml version="1.0" encoding="UTF-8"?>
<testng-results skipped="0" failed="0" total="1" passed="1">
  <reporter-output>
    <line>
      <![CDATA[https://demo.actitime.com/login.do]]>
    </line>
    <line>
      <![CDATA[10]]>
    </line>
    <line>
      <![CDATA[10]]>
    </line>
    <line>
      <![CDATA[test]]>
    </line>
  </reporter-output>
  <suite name="Default suite" duration-ms="14129" started-at="2021-12-24T09:50:13Z" finished-at="2021-12-24T09:50:27Z">
    <groups>
    </groups>
    <test name="Default test" duration-ms="14129" started-at="2021-12-24T09:50:13Z" finished-at="2021-12-24T09:50:27Z">
      <class name="scripts.Demo">
        <test-method status="PASS" signature="openApp()[pri:0, instance:scripts.Demo@4eb386df]" name="openApp" is-config="true" duration-ms="12291" started-at="2021-12-24T15:20:13Z" finished-at="2021-12-24T15:20:25Z">
          <reporter-output>
            <line>
              <![CDATA[https://demo.actitime.com/login.do]]>
            </line>
            <line>
              <![CDATA[10]]>
            </line>
            <line>
              <![CDATA[10]]>
            </line>
          </reporter-output>
        </test-method> <!-- openApp -->
        <test-method status="PASS" signature="test()[pri:0, instance:scripts.Demo@4eb386df]" name="test" duration-ms="5" started-at="2021-12-24T15:20:25Z" finished-at="2021-12-24T15:20:25Z">
          <reporter-output>
            <line>
              <![CDATA[test]]>
            </line>
          </reporter-output>
        </test-method> <!-- test -->
        <test-method status="PASS" signature="closeApp()[pri:0, instance:scripts.Demo@4eb386df]" name="closeApp" is-config="true" duration-ms="1815" started-at="2021-12-24T15:20:25Z" finished-at="2021-12-24T15:20:27Z">
          <reporter-output>
          </reporter-output>
        </test-method> <!-- closeApp -->
      </class> <!-- scripts.Demo -->
    </test> <!-- Default test -->
  </suite> <!-- Default suite -->
</testng-results>
